<?xml version="1.0" encoding="UTF-8"?>
<testsuite name="sml.instructions.AddInstructionTest" tests="2" skipped="0" failures="0" errors="0" timestamp="2025-04-17T20:27:25.726Z" hostname="voyagelucas-turbomeaning" time="0.02">
  <properties/>
  <testcase name="executeValid()" classname="sml.instructions.AddInstructionTest" time="0.017"/>
  <testcase name="executeValidTwo()" classname="sml.instructions.AddInstructionTest" time="0.001"/>
  <system-out><![CDATA[]]></system-out>
  <system-err><![CDATA[]]></system-err>
</testsuite>
